[restartedMain] INFO  main.com.eventcategory.services.EventManagementApplication  - Info Message....
[restartedMain] WARN  main.com.eventcategory.services.EventManagementApplication  - Warn Message....
[restartedMain] ERROR main.com.eventcategory.services.EventManagementApplication  - Error Message....
[restartedMain] FATAL main.com.eventcategory.services.EventManagementApplication  - fatal Message....
[http-nio-8089-exec-2] INFO  com.ems.service.UserService  - getUsersByROleeeeeeee
[restartedMain] INFO  main.com.eventcategory.services.EventManagementApplication  - Info Message....
[restartedMain] WARN  main.com.eventcategory.services.EventManagementApplication  - Warn Message....
[restartedMain] ERROR main.com.eventcategory.services.EventManagementApplication  - Error Message....
[restartedMain] FATAL main.com.eventcategory.services.EventManagementApplication  - fatal Message....
[restartedMain] INFO  main.com.eventcategory.services.EventManagementApplication  - Info Message....
[restartedMain] WARN  main.com.eventcategory.services.EventManagementApplication  - Warn Message....
[restartedMain] ERROR main.com.eventcategory.services.EventManagementApplication  - Error Message....
[restartedMain] FATAL main.com.eventcategory.services.EventManagementApplication  - fatal Message....
[restartedMain] INFO  main.com.eventcategory.services.EventManagementApplication  - Info Message....
[restartedMain] WARN  main.com.eventcategory.services.EventManagementApplication  - Warn Message....
[restartedMain] ERROR main.com.eventcategory.services.EventManagementApplication  - Error Message....
[restartedMain] FATAL main.com.eventcategory.services.EventManagementApplication  - fatal Message....
[restartedMain] INFO  main.com.eventcategory.services.EventManagementApplication  - Info Message....
[restartedMain] WARN  main.com.eventcategory.services.EventManagementApplication  - Warn Message....
[restartedMain] ERROR main.com.eventcategory.services.EventManagementApplication  - Error Message....
[restartedMain] FATAL main.com.eventcategory.services.EventManagementApplication  - fatal Message....
[restartedMain] INFO  main.com.eventcategory.services.EventManagementApplication  - Info Message....
[restartedMain] WARN  main.com.eventcategory.services.EventManagementApplication  - Warn Message....
[restartedMain] ERROR main.com.eventcategory.services.EventManagementApplication  - Error Message....
[restartedMain] FATAL main.com.eventcategory.services.EventManagementApplication  - fatal Message....
[restartedMain] INFO  main.com.eventcategory.services.EventManagementApplication  - Info Message....
[restartedMain] WARN  main.com.eventcategory.services.EventManagementApplication  - Warn Message....
[restartedMain] ERROR main.com.eventcategory.services.EventManagementApplication  - Error Message....
[restartedMain] FATAL main.com.eventcategory.services.EventManagementApplication  - fatal Message....
[restartedMain] INFO  main.com.eventcategory.services.EventManagementApplication  - Info Message....
[restartedMain] WARN  main.com.eventcategory.services.EventManagementApplication  - Warn Message....
[restartedMain] ERROR main.com.eventcategory.services.EventManagementApplication  - Error Message....
[restartedMain] FATAL main.com.eventcategory.services.EventManagementApplication  - fatal Message....
[restartedMain] INFO  main.com.eventcategory.services.EventManagementApplication  - Info Message....
[restartedMain] WARN  main.com.eventcategory.services.EventManagementApplication  - Warn Message....
[restartedMain] ERROR main.com.eventcategory.services.EventManagementApplication  - Error Message....
[restartedMain] FATAL main.com.eventcategory.services.EventManagementApplication  - fatal Message....
[restartedMain] INFO  main.com.eventcategory.services.EventManagementApplication  - Info Message....
[restartedMain] WARN  main.com.eventcategory.services.EventManagementApplication  - Warn Message....
[restartedMain] ERROR main.com.eventcategory.services.EventManagementApplication  - Error Message....
[restartedMain] FATAL main.com.eventcategory.services.EventManagementApplication  - fatal Message....
[restartedMain] INFO  main.com.eventcategory.services.EventManagementApplication  - Info Message....
[restartedMain] WARN  main.com.eventcategory.services.EventManagementApplication  - Warn Message....
[restartedMain] ERROR main.com.eventcategory.services.EventManagementApplication  - Error Message....
[restartedMain] FATAL main.com.eventcategory.services.EventManagementApplication  - fatal Message....
[restartedMain] INFO  main.com.eventcategory.services.EventManagementApplication  - Info Message....
[restartedMain] WARN  main.com.eventcategory.services.EventManagementApplication  - Warn Message....
[restartedMain] ERROR main.com.eventcategory.services.EventManagementApplication  - Error Message....
[restartedMain] FATAL main.com.eventcategory.services.EventManagementApplication  - fatal Message....
[restartedMain] INFO  main.com.eventcategory.services.EventManagementApplication  - Info Message....
[restartedMain] WARN  main.com.eventcategory.services.EventManagementApplication  - Warn Message....
[restartedMain] ERROR main.com.eventcategory.services.EventManagementApplication  - Error Message....
[restartedMain] FATAL main.com.eventcategory.services.EventManagementApplication  - fatal Message....
[restartedMain] INFO  main.com.eventcategory.services.EventManagementApplication  - Info Message....
[restartedMain] WARN  main.com.eventcategory.services.EventManagementApplication  - Warn Message....
[restartedMain] ERROR main.com.eventcategory.services.EventManagementApplication  - Error Message....
[restartedMain] FATAL main.com.eventcategory.services.EventManagementApplication  - fatal Message....
[restartedMain] INFO  main.com.eventcategory.services.EventManagementApplication  - Info Message....
[restartedMain] WARN  main.com.eventcategory.services.EventManagementApplication  - Warn Message....
[restartedMain] ERROR main.com.eventcategory.services.EventManagementApplication  - Error Message....
[restartedMain] FATAL main.com.eventcategory.services.EventManagementApplication  - fatal Message....
[restartedMain] INFO  main.com.eventcategory.services.EventManagementApplication  - Info Message....
[restartedMain] WARN  main.com.eventcategory.services.EventManagementApplication  - Warn Message....
[restartedMain] ERROR main.com.eventcategory.services.EventManagementApplication  - Error Message....
[restartedMain] FATAL main.com.eventcategory.services.EventManagementApplication  - fatal Message....
[restartedMain] INFO  main.com.eventcategory.services.EventManagementApplication  - Info Message....
[restartedMain] WARN  main.com.eventcategory.services.EventManagementApplication  - Warn Message....
[restartedMain] ERROR main.com.eventcategory.services.EventManagementApplication  - Error Message....
[restartedMain] FATAL main.com.eventcategory.services.EventManagementApplication  - fatal Message....
[restartedMain] INFO  main.com.eventcategory.services.EventManagementApplication  - Info Message....
[restartedMain] WARN  main.com.eventcategory.services.EventManagementApplication  - Warn Message....
[restartedMain] ERROR main.com.eventcategory.services.EventManagementApplication  - Error Message....
[restartedMain] FATAL main.com.eventcategory.services.EventManagementApplication  - fatal Message....
[restartedMain] INFO  main.com.eventcategory.services.EventManagementApplication  - Info Message....
[restartedMain] WARN  main.com.eventcategory.services.EventManagementApplication  - Warn Message....
[restartedMain] ERROR main.com.eventcategory.services.EventManagementApplication  - Error Message....
[restartedMain] FATAL main.com.eventcategory.services.EventManagementApplication  - fatal Message....
[restartedMain] INFO  main.com.eventcategory.services.EventManagementApplication  - Info Message....
[restartedMain] WARN  main.com.eventcategory.services.EventManagementApplication  - Warn Message....
[restartedMain] ERROR main.com.eventcategory.services.EventManagementApplication  - Error Message....
[restartedMain] FATAL main.com.eventcategory.services.EventManagementApplication  - fatal Message....
[restartedMain] INFO  main.com.eventcategory.services.EventManagementApplication  - Info Message....
[restartedMain] WARN  main.com.eventcategory.services.EventManagementApplication  - Warn Message....
[restartedMain] ERROR main.com.eventcategory.services.EventManagementApplication  - Error Message....
[restartedMain] FATAL main.com.eventcategory.services.EventManagementApplication  - fatal Message....
[restartedMain] INFO  main.com.eventcategory.services.EventManagementApplication  - Info Message....
[restartedMain] WARN  main.com.eventcategory.services.EventManagementApplication  - Warn Message....
[restartedMain] ERROR main.com.eventcategory.services.EventManagementApplication  - Error Message....
[restartedMain] FATAL main.com.eventcategory.services.EventManagementApplication  - fatal Message....
[restartedMain] INFO  main.com.eventcategory.services.EventManagementApplication  - Info Message....
[restartedMain] WARN  main.com.eventcategory.services.EventManagementApplication  - Warn Message....
[restartedMain] ERROR main.com.eventcategory.services.EventManagementApplication  - Error Message....
[restartedMain] FATAL main.com.eventcategory.services.EventManagementApplication  - fatal Message....
[restartedMain] INFO  main.com.eventcategory.services.EventManagementApplication  - Info Message....
[restartedMain] WARN  main.com.eventcategory.services.EventManagementApplication  - Warn Message....
[restartedMain] ERROR main.com.eventcategory.services.EventManagementApplication  - Error Message....
[restartedMain] FATAL main.com.eventcategory.services.EventManagementApplication  - fatal Message....
[restartedMain] INFO  main.com.eventcategory.services.EventManagementApplication  - Info Message....
[restartedMain] WARN  main.com.eventcategory.services.EventManagementApplication  - Warn Message....
[restartedMain] ERROR main.com.eventcategory.services.EventManagementApplication  - Error Message....
[restartedMain] FATAL main.com.eventcategory.services.EventManagementApplication  - fatal Message....
[restartedMain] INFO  main.com.eventcategory.services.EventManagementApplication  - Info Message....
[restartedMain] WARN  main.com.eventcategory.services.EventManagementApplication  - Warn Message....
[restartedMain] ERROR main.com.eventcategory.services.EventManagementApplication  - Error Message....
[restartedMain] FATAL main.com.eventcategory.services.EventManagementApplication  - fatal Message....
[restartedMain] INFO  main.com.eventcategory.services.EventManagementApplication  - Info Message....
[restartedMain] WARN  main.com.eventcategory.services.EventManagementApplication  - Warn Message....
[restartedMain] ERROR main.com.eventcategory.services.EventManagementApplication  - Error Message....
[restartedMain] FATAL main.com.eventcategory.services.EventManagementApplication  - fatal Message....
[restartedMain] INFO  main.com.eventcategory.services.EventManagementApplication  - Info Message....
[restartedMain] WARN  main.com.eventcategory.services.EventManagementApplication  - Warn Message....
[restartedMain] ERROR main.com.eventcategory.services.EventManagementApplication  - Error Message....
[restartedMain] FATAL main.com.eventcategory.services.EventManagementApplication  - fatal Message....
[restartedMain] INFO  main.com.eventcategory.services.EventManagementApplication  - Info Message....
[restartedMain] WARN  main.com.eventcategory.services.EventManagementApplication  - Warn Message....
[restartedMain] ERROR main.com.eventcategory.services.EventManagementApplication  - Error Message....
[restartedMain] FATAL main.com.eventcategory.services.EventManagementApplication  - fatal Message....
[restartedMain] INFO  main.com.eventcategory.services.EventManagementApplication  - Info Message....
[restartedMain] WARN  main.com.eventcategory.services.EventManagementApplication  - Warn Message....
[restartedMain] ERROR main.com.eventcategory.services.EventManagementApplication  - Error Message....
[restartedMain] FATAL main.com.eventcategory.services.EventManagementApplication  - fatal Message....
[restartedMain] INFO  main.com.eventcategory.services.EventManagementApplication  - Info Message....
[restartedMain] WARN  main.com.eventcategory.services.EventManagementApplication  - Warn Message....
[restartedMain] ERROR main.com.eventcategory.services.EventManagementApplication  - Error Message....
[restartedMain] FATAL main.com.eventcategory.services.EventManagementApplication  - fatal Message....
[http-nio-8089-exec-1] INFO  com.ems.service.UserService  - getUsersByRole
[http-nio-8089-exec-8] INFO  com.ems.service.UserService  - addUser
[http-nio-8089-exec-2] INFO  com.ems.service.UserService  - updateStatus
[http-nio-8089-exec-4] INFO  com.ems.service.UserService  - updateOTP
[http-nio-8089-exec-4] INFO  com.ems.service.UserService  - updateLoginAttempts
[http-nio-8089-exec-4] INFO  com.ems.service.UserService  - updateUserById
[http-nio-8089-exec-4] INFO  com.ems.service.UserService  - updateUserById
[http-nio-8089-exec-6] INFO  com.ems.service.UserService  - addUser
[http-nio-8089-exec-7] INFO  com.ems.service.UserService  - updateLoginAttempts
[http-nio-8089-exec-1] INFO  com.ems.service.UserService  - updateStatus
[http-nio-8089-exec-10] INFO  com.ems.service.UserService  - updateOTP
[http-nio-8089-exec-10] INFO  com.ems.service.UserService  - updateLoginAttempts
[http-nio-8089-exec-1] INFO  com.ems.service.UserService  - updateOTP
[http-nio-8089-exec-1] INFO  com.ems.service.UserService  - updateLoginAttempts
[http-nio-8089-exec-7] INFO  com.ems.service.UserService  - getUsersByRole
[http-nio-8089-exec-9] INFO  com.ems.service.UserService  - getUsersByRole
[http-nio-8089-exec-5] INFO  com.ems.service.UserService  - addUser
[http-nio-8089-exec-7] INFO  com.ems.service.UserService  - updateLoginAttempts
[http-nio-8089-exec-10] INFO  com.ems.service.UserService  - updateStatus
[http-nio-8089-exec-2] INFO  com.ems.service.UserService  - updateLoginAttempts
[http-nio-8089-exec-3] INFO  com.ems.service.UserService  - updateOTP
[http-nio-8089-exec-3] INFO  com.ems.service.UserService  - updateLoginAttempts
[http-nio-8089-exec-4] INFO  com.ems.service.UserService  - updateOTP
[http-nio-8089-exec-4] INFO  com.ems.service.UserService  - updateLoginAttempts
[http-nio-8089-exec-5] INFO  com.ems.service.UserService  - updateOTP
[http-nio-8089-exec-5] INFO  com.ems.service.UserService  - updateLoginAttempts
[http-nio-8089-exec-1] INFO  com.ems.service.UserService  - updateOTP
[http-nio-8089-exec-1] INFO  com.ems.service.UserService  - updateLoginAttempts
[http-nio-8089-exec-8] INFO  com.ems.service.UserService  - updateUserById
[http-nio-8089-exec-8] INFO  com.ems.service.UserService  - updateUserById
[http-nio-8089-exec-6] INFO  com.ems.service.UserService  - updateOTP
[http-nio-8089-exec-6] INFO  com.ems.service.UserService  - updateLoginAttempts
[http-nio-8089-exec-2] INFO  com.ems.service.UserService  - getUsersByRole
[http-nio-8089-exec-5] INFO  com.ems.service.UserService  - updateUserById
[http-nio-8089-exec-5] INFO  com.ems.service.UserService  - updateUserById
[http-nio-8089-exec-7] INFO  com.ems.service.UserService  - getUsersByRole
[http-nio-8089-exec-6] INFO  com.ems.service.UserService  - getUsersByRole
[http-nio-8089-exec-9] INFO  com.ems.service.UserService  - getUsersByRole
[http-nio-8089-exec-10] INFO  com.ems.service.UserService  - updateUserById
[http-nio-8089-exec-10] INFO  com.ems.service.UserService  - updateUserById
[http-nio-8089-exec-2] INFO  com.ems.service.UserService  - getUsersByRole
[http-nio-8089-exec-3] INFO  com.ems.service.UserService  - updateOTP
[http-nio-8089-exec-3] INFO  com.ems.service.UserService  - updateLoginAttempts
[http-nio-8089-exec-3] INFO  com.ems.service.UserService  - updateOTP
[http-nio-8089-exec-3] INFO  com.ems.service.UserService  - updateLoginAttempts
[restartedMain] INFO  main.com.eventcategory.services.EventManagementApplication  - Info Message....
[restartedMain] WARN  main.com.eventcategory.services.EventManagementApplication  - Warn Message....
[restartedMain] ERROR main.com.eventcategory.services.EventManagementApplication  - Error Message....
[restartedMain] FATAL main.com.eventcategory.services.EventManagementApplication  - fatal Message....
[restartedMain] INFO  main.com.eventcategory.services.EventManagementApplication  - Info Message....
[restartedMain] WARN  main.com.eventcategory.services.EventManagementApplication  - Warn Message....
[restartedMain] ERROR main.com.eventcategory.services.EventManagementApplication  - Error Message....
[restartedMain] FATAL main.com.eventcategory.services.EventManagementApplication  - fatal Message....
[restartedMain] INFO  main.com.eventcategory.services.EventManagementApplication  - Info Message....
[restartedMain] WARN  main.com.eventcategory.services.EventManagementApplication  - Warn Message....
[restartedMain] ERROR main.com.eventcategory.services.EventManagementApplication  - Error Message....
[restartedMain] FATAL main.com.eventcategory.services.EventManagementApplication  - fatal Message....
[restartedMain] INFO  main.com.eventcategory.services.EventManagementApplication  - Info Message....
[restartedMain] WARN  main.com.eventcategory.services.EventManagementApplication  - Warn Message....
[restartedMain] ERROR main.com.eventcategory.services.EventManagementApplication  - Error Message....
[restartedMain] FATAL main.com.eventcategory.services.EventManagementApplication  - fatal Message....
[restartedMain] INFO  main.com.eventcategory.services.EventManagementApplication  - Info Message....
[restartedMain] WARN  main.com.eventcategory.services.EventManagementApplication  - Warn Message....
[restartedMain] ERROR main.com.eventcategory.services.EventManagementApplication  - Error Message....
[restartedMain] FATAL main.com.eventcategory.services.EventManagementApplication  - fatal Message....
[restartedMain] INFO  main.com.eventcategory.services.EventManagementApplication  - Info Message....
[restartedMain] WARN  main.com.eventcategory.services.EventManagementApplication  - Warn Message....
[restartedMain] ERROR main.com.eventcategory.services.EventManagementApplication  - Error Message....
[restartedMain] FATAL main.com.eventcategory.services.EventManagementApplication  - fatal Message....
[restartedMain] INFO  main.com.eventcategory.services.EventManagementApplication  - Info Message....
[restartedMain] WARN  main.com.eventcategory.services.EventManagementApplication  - Warn Message....
[restartedMain] ERROR main.com.eventcategory.services.EventManagementApplication  - Error Message....
[restartedMain] FATAL main.com.eventcategory.services.EventManagementApplication  - fatal Message....
[restartedMain] INFO  main.com.eventcategory.services.EventManagementApplication  - Info Message....
[restartedMain] WARN  main.com.eventcategory.services.EventManagementApplication  - Warn Message....
[restartedMain] ERROR main.com.eventcategory.services.EventManagementApplication  - Error Message....
[restartedMain] FATAL main.com.eventcategory.services.EventManagementApplication  - fatal Message....
[restartedMain] INFO  com.eventcategory.services.main.EventManagementApplication  - Info Message....
[restartedMain] WARN  com.eventcategory.services.main.EventManagementApplication  - Warn Message....
[restartedMain] ERROR com.eventcategory.services.main.EventManagementApplication  - Error Message....
[restartedMain] FATAL com.eventcategory.services.main.EventManagementApplication  - fatal Message....
[restartedMain] INFO  com.eventcategory.services.main.EventManagementApplication  - Info Message....
[restartedMain] WARN  com.eventcategory.services.main.EventManagementApplication  - Warn Message....
[restartedMain] ERROR com.eventcategory.services.main.EventManagementApplication  - Error Message....
[restartedMain] FATAL com.eventcategory.services.main.EventManagementApplication  - fatal Message....
[restartedMain] INFO  com.eventcategory.services.main.EventManagementApplication  - Info Message....
[restartedMain] WARN  com.eventcategory.services.main.EventManagementApplication  - Warn Message....
[restartedMain] ERROR com.eventcategory.services.main.EventManagementApplication  - Error Message....
[restartedMain] FATAL com.eventcategory.services.main.EventManagementApplication  - fatal Message....
[restartedMain] INFO  com.eventcategory.services.main.EventManagementApplication  - Info Message....
[restartedMain] WARN  com.eventcategory.services.main.EventManagementApplication  - Warn Message....
[restartedMain] ERROR com.eventcategory.services.main.EventManagementApplication  - Error Message....
[restartedMain] FATAL com.eventcategory.services.main.EventManagementApplication  - fatal Message....
[restartedMain] INFO  com.eventcategory.services.main.EventManagementApplication  - Info Message....
[restartedMain] WARN  com.eventcategory.services.main.EventManagementApplication  - Warn Message....
[restartedMain] ERROR com.eventcategory.services.main.EventManagementApplication  - Error Message....
[restartedMain] FATAL com.eventcategory.services.main.EventManagementApplication  - fatal Message....
[restartedMain] INFO  com.eventcategory.services.main.EventManagementApplication  - Info Message....
[restartedMain] WARN  com.eventcategory.services.main.EventManagementApplication  - Warn Message....
[restartedMain] ERROR com.eventcategory.services.main.EventManagementApplication  - Error Message....
[restartedMain] FATAL com.eventcategory.services.main.EventManagementApplication  - fatal Message....
[restartedMain] INFO  com.eventcategory.services.main.EventManagementApplication  - Info Message....
[restartedMain] WARN  com.eventcategory.services.main.EventManagementApplication  - Warn Message....
[restartedMain] ERROR com.eventcategory.services.main.EventManagementApplication  - Error Message....
[restartedMain] FATAL com.eventcategory.services.main.EventManagementApplication  - fatal Message....
[restartedMain] INFO  com.eventcategory.services.main.EventManagementApplication  - Info Message....
[restartedMain] WARN  com.eventcategory.services.main.EventManagementApplication  - Warn Message....
[restartedMain] ERROR com.eventcategory.services.main.EventManagementApplication  - Error Message....
[restartedMain] FATAL com.eventcategory.services.main.EventManagementApplication  - fatal Message....
[restartedMain] INFO  com.eventcategory.services.main.EventManagementApplication  - Info Message....
[restartedMain] WARN  com.eventcategory.services.main.EventManagementApplication  - Warn Message....
[restartedMain] ERROR com.eventcategory.services.main.EventManagementApplication  - Error Message....
[restartedMain] FATAL com.eventcategory.services.main.EventManagementApplication  - fatal Message....
[restartedMain] INFO  com.eventcategory.services.main.EventManagementApplication  - Info Message....
[restartedMain] WARN  com.eventcategory.services.main.EventManagementApplication  - Warn Message....
[restartedMain] ERROR com.eventcategory.services.main.EventManagementApplication  - Error Message....
[restartedMain] FATAL com.eventcategory.services.main.EventManagementApplication  - fatal Message....
[restartedMain] INFO  com.eventcategory.services.main.EventManagementApplication  - Info Message....
[restartedMain] WARN  com.eventcategory.services.main.EventManagementApplication  - Warn Message....
[restartedMain] ERROR com.eventcategory.services.main.EventManagementApplication  - Error Message....
[restartedMain] FATAL com.eventcategory.services.main.EventManagementApplication  - fatal Message....
[restartedMain] INFO  com.eventcategory.services.main.EventManagementApplication  - Info Message....
[restartedMain] WARN  com.eventcategory.services.main.EventManagementApplication  - Warn Message....
[restartedMain] ERROR com.eventcategory.services.main.EventManagementApplication  - Error Message....
[restartedMain] FATAL com.eventcategory.services.main.EventManagementApplication  - fatal Message....
[restartedMain] INFO  com.eventcategory.services.main.EventManagementApplication  - Info Message....
[restartedMain] WARN  com.eventcategory.services.main.EventManagementApplication  - Warn Message....
[restartedMain] ERROR com.eventcategory.services.main.EventManagementApplication  - Error Message....
[restartedMain] FATAL com.eventcategory.services.main.EventManagementApplication  - fatal Message....
[restartedMain] INFO  com.eventcategory.services.main.EventManagementApplication  - Info Message....
[restartedMain] WARN  com.eventcategory.services.main.EventManagementApplication  - Warn Message....
[restartedMain] ERROR com.eventcategory.services.main.EventManagementApplication  - Error Message....
[restartedMain] FATAL com.eventcategory.services.main.EventManagementApplication  - fatal Message....
[restartedMain] INFO  com.eventcategory.services.main.EventManagementApplication  - Info Message....
[restartedMain] WARN  com.eventcategory.services.main.EventManagementApplication  - Warn Message....
[restartedMain] ERROR com.eventcategory.services.main.EventManagementApplication  - Error Message....
[restartedMain] FATAL com.eventcategory.services.main.EventManagementApplication  - fatal Message....
[restartedMain] INFO  com.eventcategory.services.main.EventManagementApplication  - Info Message....
[restartedMain] WARN  com.eventcategory.services.main.EventManagementApplication  - Warn Message....
[restartedMain] ERROR com.eventcategory.services.main.EventManagementApplication  - Error Message....
[restartedMain] FATAL com.eventcategory.services.main.EventManagementApplication  - fatal Message....
[restartedMain] INFO  com.eventcategory.services.main.EventManagementApplication  - Info Message....
[restartedMain] WARN  com.eventcategory.services.main.EventManagementApplication  - Warn Message....
[restartedMain] ERROR com.eventcategory.services.main.EventManagementApplication  - Error Message....
[restartedMain] FATAL com.eventcategory.services.main.EventManagementApplication  - fatal Message....
[restartedMain] INFO  com.eventcategory.services.main.EventManagementApplication  - Info Message....
[restartedMain] WARN  com.eventcategory.services.main.EventManagementApplication  - Warn Message....
[restartedMain] ERROR com.eventcategory.services.main.EventManagementApplication  - Error Message....
[restartedMain] FATAL com.eventcategory.services.main.EventManagementApplication  - fatal Message....
[restartedMain] INFO  com.eventcategory.services.main.EventManagementApplication  - Info Message....
[restartedMain] WARN  com.eventcategory.services.main.EventManagementApplication  - Warn Message....
[restartedMain] ERROR com.eventcategory.services.main.EventManagementApplication  - Error Message....
[restartedMain] FATAL com.eventcategory.services.main.EventManagementApplication  - fatal Message....
[restartedMain] INFO  com.eventcategory.services.main.EventManagementApplication  - Info Message....
[restartedMain] WARN  com.eventcategory.services.main.EventManagementApplication  - Warn Message....
[restartedMain] ERROR com.eventcategory.services.main.EventManagementApplication  - Error Message....
[restartedMain] FATAL com.eventcategory.services.main.EventManagementApplication  - fatal Message....
[restartedMain] INFO  com.eventcategory.services.main.EventManagementApplication  - Info Message....
[restartedMain] WARN  com.eventcategory.services.main.EventManagementApplication  - Warn Message....
[restartedMain] ERROR com.eventcategory.services.main.EventManagementApplication  - Error Message....
[restartedMain] FATAL com.eventcategory.services.main.EventManagementApplication  - fatal Message....
[restartedMain] INFO  com.eventcategory.services.main.EventManagementApplication  - Info Message....
[restartedMain] WARN  com.eventcategory.services.main.EventManagementApplication  - Warn Message....
[restartedMain] ERROR com.eventcategory.services.main.EventManagementApplication  - Error Message....
[restartedMain] FATAL com.eventcategory.services.main.EventManagementApplication  - fatal Message....
[restartedMain] INFO  com.eventcategory.services.main.EventManagementApplication  - Info Message....
[restartedMain] WARN  com.eventcategory.services.main.EventManagementApplication  - Warn Message....
[restartedMain] ERROR com.eventcategory.services.main.EventManagementApplication  - Error Message....
[restartedMain] FATAL com.eventcategory.services.main.EventManagementApplication  - fatal Message....
[restartedMain] INFO  com.eventcategory.services.main.EventManagementApplication  - Info Message....
[restartedMain] WARN  com.eventcategory.services.main.EventManagementApplication  - Warn Message....
[restartedMain] ERROR com.eventcategory.services.main.EventManagementApplication  - Error Message....
[restartedMain] FATAL com.eventcategory.services.main.EventManagementApplication  - fatal Message....
[restartedMain] INFO  com.eventcategory.services.main.EventManagementApplication  - Info Message....
[restartedMain] WARN  com.eventcategory.services.main.EventManagementApplication  - Warn Message....
[restartedMain] ERROR com.eventcategory.services.main.EventManagementApplication  - Error Message....
[restartedMain] FATAL com.eventcategory.services.main.EventManagementApplication  - fatal Message....
[restartedMain] INFO  com.eventcategory.services.main.EventManagementApplication  - Info Message....
[restartedMain] WARN  com.eventcategory.services.main.EventManagementApplication  - Warn Message....
[restartedMain] ERROR com.eventcategory.services.main.EventManagementApplication  - Error Message....
[restartedMain] FATAL com.eventcategory.services.main.EventManagementApplication  - fatal Message....
[restartedMain] INFO  com.eventcategory.services.main.EventManagementApplication  - Info Message....
[restartedMain] WARN  com.eventcategory.services.main.EventManagementApplication  - Warn Message....
[restartedMain] ERROR com.eventcategory.services.main.EventManagementApplication  - Error Message....
[restartedMain] FATAL com.eventcategory.services.main.EventManagementApplication  - fatal Message....
[restartedMain] INFO  com.eventcategory.services.main.EventManagementApplication  - Info Message....
[restartedMain] WARN  com.eventcategory.services.main.EventManagementApplication  - Warn Message....
[restartedMain] ERROR com.eventcategory.services.main.EventManagementApplication  - Error Message....
[restartedMain] FATAL com.eventcategory.services.main.EventManagementApplication  - fatal Message....
[restartedMain] INFO  com.eventcategory.services.main.EventManagementApplication  - Info Message....
[restartedMain] WARN  com.eventcategory.services.main.EventManagementApplication  - Warn Message....
[restartedMain] ERROR com.eventcategory.services.main.EventManagementApplication  - Error Message....
[restartedMain] FATAL com.eventcategory.services.main.EventManagementApplication  - fatal Message....
[restartedMain] INFO  com.eventcategory.services.main.EventManagementApplication  - Info Message....
[restartedMain] WARN  com.eventcategory.services.main.EventManagementApplication  - Warn Message....
[restartedMain] ERROR com.eventcategory.services.main.EventManagementApplication  - Error Message....
[restartedMain] FATAL com.eventcategory.services.main.EventManagementApplication  - fatal Message....
[restartedMain] INFO  com.eventcategory.services.main.EventManagementApplication  - Info Message....
[restartedMain] WARN  com.eventcategory.services.main.EventManagementApplication  - Warn Message....
[restartedMain] ERROR com.eventcategory.services.main.EventManagementApplication  - Error Message....
[restartedMain] FATAL com.eventcategory.services.main.EventManagementApplication  - fatal Message....
[restartedMain] INFO  com.eventcategory.services.main.EventManagementApplication  - Info Message....
[restartedMain] WARN  com.eventcategory.services.main.EventManagementApplication  - Warn Message....
[restartedMain] ERROR com.eventcategory.services.main.EventManagementApplication  - Error Message....
[restartedMain] FATAL com.eventcategory.services.main.EventManagementApplication  - fatal Message....
[restartedMain] INFO  com.eventcategory.services.main.EventManagementApplication  - Info Message....
[restartedMain] WARN  com.eventcategory.services.main.EventManagementApplication  - Warn Message....
[restartedMain] ERROR com.eventcategory.services.main.EventManagementApplication  - Error Message....
[restartedMain] FATAL com.eventcategory.services.main.EventManagementApplication  - fatal Message....
[restartedMain] INFO  com.eventcategory.services.main.EventManagementApplication  - Info Message....
[restartedMain] WARN  com.eventcategory.services.main.EventManagementApplication  - Warn Message....
[restartedMain] ERROR com.eventcategory.services.main.EventManagementApplication  - Error Message....
[restartedMain] FATAL com.eventcategory.services.main.EventManagementApplication  - fatal Message....
[restartedMain] INFO  com.eventcategory.services.main.EventManagementApplication  - Info Message....
[restartedMain] WARN  com.eventcategory.services.main.EventManagementApplication  - Warn Message....
[restartedMain] ERROR com.eventcategory.services.main.EventManagementApplication  - Error Message....
[restartedMain] FATAL com.eventcategory.services.main.EventManagementApplication  - fatal Message....
[restartedMain] INFO  com.eventcategory.services.main.EventManagementApplication  - Info Message....
[restartedMain] WARN  com.eventcategory.services.main.EventManagementApplication  - Warn Message....
[restartedMain] ERROR com.eventcategory.services.main.EventManagementApplication  - Error Message....
[restartedMain] FATAL com.eventcategory.services.main.EventManagementApplication  - fatal Message....
[restartedMain] INFO  com.eventcategory.services.main.EventManagementApplication  - Info Message....
[restartedMain] WARN  com.eventcategory.services.main.EventManagementApplication  - Warn Message....
[restartedMain] ERROR com.eventcategory.services.main.EventManagementApplication  - Error Message....
[restartedMain] FATAL com.eventcategory.services.main.EventManagementApplication  - fatal Message....
[restartedMain] INFO  com.eventcategory.services.main.EventManagementApplication  - Info Message....
[restartedMain] WARN  com.eventcategory.services.main.EventManagementApplication  - Warn Message....
[restartedMain] ERROR com.eventcategory.services.main.EventManagementApplication  - Error Message....
[restartedMain] FATAL com.eventcategory.services.main.EventManagementApplication  - fatal Message....
[restartedMain] INFO  com.eventcategory.services.main.EventManagementApplication  - Info Message....
[restartedMain] WARN  com.eventcategory.services.main.EventManagementApplication  - Warn Message....
[restartedMain] ERROR com.eventcategory.services.main.EventManagementApplication  - Error Message....
[restartedMain] FATAL com.eventcategory.services.main.EventManagementApplication  - fatal Message....
[restartedMain] INFO  com.eventcategory.services.main.EventManagementApplication  - Info Message....
[restartedMain] WARN  com.eventcategory.services.main.EventManagementApplication  - Warn Message....
[restartedMain] ERROR com.eventcategory.services.main.EventManagementApplication  - Error Message....
[restartedMain] FATAL com.eventcategory.services.main.EventManagementApplication  - fatal Message....
[restartedMain] INFO  com.eventcategory.services.main.EventManagementApplication  - Info Message....
[restartedMain] WARN  com.eventcategory.services.main.EventManagementApplication  - Warn Message....
[restartedMain] ERROR com.eventcategory.services.main.EventManagementApplication  - Error Message....
[restartedMain] FATAL com.eventcategory.services.main.EventManagementApplication  - fatal Message....
[restartedMain] INFO  com.eventcategory.services.main.EventManagementApplication  - Info Message....
[restartedMain] WARN  com.eventcategory.services.main.EventManagementApplication  - Warn Message....
[restartedMain] ERROR com.eventcategory.services.main.EventManagementApplication  - Error Message....
[restartedMain] FATAL com.eventcategory.services.main.EventManagementApplication  - fatal Message....
[restartedMain] INFO  com.eventcategory.services.main.EventManagementApplication  - Info Message....
[restartedMain] WARN  com.eventcategory.services.main.EventManagementApplication  - Warn Message....
[restartedMain] ERROR com.eventcategory.services.main.EventManagementApplication  - Error Message....
[restartedMain] FATAL com.eventcategory.services.main.EventManagementApplication  - fatal Message....
[restartedMain] INFO  com.eventcategory.services.main.EventManagementApplication  - Info Message....
[restartedMain] WARN  com.eventcategory.services.main.EventManagementApplication  - Warn Message....
[restartedMain] ERROR com.eventcategory.services.main.EventManagementApplication  - Error Message....
[restartedMain] FATAL com.eventcategory.services.main.EventManagementApplication  - fatal Message....
[restartedMain] INFO  com.eventcategory.services.main.EventManagementApplication  - Info Message....
[restartedMain] WARN  com.eventcategory.services.main.EventManagementApplication  - Warn Message....
[restartedMain] ERROR com.eventcategory.services.main.EventManagementApplication  - Error Message....
[restartedMain] FATAL com.eventcategory.services.main.EventManagementApplication  - fatal Message....
[restartedMain] INFO  com.eventcategory.services.main.EventManagementApplication  - Info Message....
[restartedMain] WARN  com.eventcategory.services.main.EventManagementApplication  - Warn Message....
[restartedMain] ERROR com.eventcategory.services.main.EventManagementApplication  - Error Message....
[restartedMain] FATAL com.eventcategory.services.main.EventManagementApplication  - fatal Message....
[restartedMain] INFO  com.eventcategory.services.main.EventManagementApplication  - Info Message....
[restartedMain] WARN  com.eventcategory.services.main.EventManagementApplication  - Warn Message....
[restartedMain] ERROR com.eventcategory.services.main.EventManagementApplication  - Error Message....
[restartedMain] FATAL com.eventcategory.services.main.EventManagementApplication  - fatal Message....
[restartedMain] INFO  com.eventcategory.services.main.EventManagementApplication  - Info Message....
[restartedMain] WARN  com.eventcategory.services.main.EventManagementApplication  - Warn Message....
[restartedMain] ERROR com.eventcategory.services.main.EventManagementApplication  - Error Message....
[restartedMain] FATAL com.eventcategory.services.main.EventManagementApplication  - fatal Message....
[restartedMain] INFO  com.eventcategory.services.main.EventManagementApplication  - Info Message....
[restartedMain] WARN  com.eventcategory.services.main.EventManagementApplication  - Warn Message....
[restartedMain] ERROR com.eventcategory.services.main.EventManagementApplication  - Error Message....
[restartedMain] FATAL com.eventcategory.services.main.EventManagementApplication  - fatal Message....
[restartedMain] INFO  com.eventcategory.services.main.EventManagementApplication  - Info Message....
[restartedMain] WARN  com.eventcategory.services.main.EventManagementApplication  - Warn Message....
[restartedMain] ERROR com.eventcategory.services.main.EventManagementApplication  - Error Message....
[restartedMain] FATAL com.eventcategory.services.main.EventManagementApplication  - fatal Message....
[restartedMain] INFO  com.eventcategory.services.main.EventManagementApplication  - Info Message....
[restartedMain] WARN  com.eventcategory.services.main.EventManagementApplication  - Warn Message....
[restartedMain] ERROR com.eventcategory.services.main.EventManagementApplication  - Error Message....
[restartedMain] FATAL com.eventcategory.services.main.EventManagementApplication  - fatal Message....
[restartedMain] INFO  com.eventcategory.services.main.EventManagementApplication  - Info Message....
[restartedMain] WARN  com.eventcategory.services.main.EventManagementApplication  - Warn Message....
[restartedMain] ERROR com.eventcategory.services.main.EventManagementApplication  - Error Message....
[restartedMain] FATAL com.eventcategory.services.main.EventManagementApplication  - fatal Message....
[restartedMain] INFO  com.eventcategory.services.main.EventManagementApplication  - Info Message....
[restartedMain] WARN  com.eventcategory.services.main.EventManagementApplication  - Warn Message....
[restartedMain] ERROR com.eventcategory.services.main.EventManagementApplication  - Error Message....
[restartedMain] FATAL com.eventcategory.services.main.EventManagementApplication  - fatal Message....
[restartedMain] INFO  com.eventcategory.services.main.EventManagementApplication  - Info Message....
[restartedMain] WARN  com.eventcategory.services.main.EventManagementApplication  - Warn Message....
[restartedMain] ERROR com.eventcategory.services.main.EventManagementApplication  - Error Message....
[restartedMain] FATAL com.eventcategory.services.main.EventManagementApplication  - fatal Message....
[restartedMain] INFO  com.eventcategory.services.main.EventManagementApplication  - Info Message....
[restartedMain] WARN  com.eventcategory.services.main.EventManagementApplication  - Warn Message....
[restartedMain] ERROR com.eventcategory.services.main.EventManagementApplication  - Error Message....
[restartedMain] FATAL com.eventcategory.services.main.EventManagementApplication  - fatal Message....
[restartedMain] INFO  com.eventcategory.services.main.EventManagementApplication  - Info Message....
[restartedMain] WARN  com.eventcategory.services.main.EventManagementApplication  - Warn Message....
[restartedMain] ERROR com.eventcategory.services.main.EventManagementApplication  - Error Message....
[restartedMain] FATAL com.eventcategory.services.main.EventManagementApplication  - fatal Message....
[restartedMain] INFO  com.eventcategory.services.main.EventManagementApplication  - Info Message....
[restartedMain] WARN  com.eventcategory.services.main.EventManagementApplication  - Warn Message....
[restartedMain] ERROR com.eventcategory.services.main.EventManagementApplication  - Error Message....
[restartedMain] FATAL com.eventcategory.services.main.EventManagementApplication  - fatal Message....
[restartedMain] INFO  com.eventcategory.services.main.EventManagementApplication  - Info Message....
[restartedMain] WARN  com.eventcategory.services.main.EventManagementApplication  - Warn Message....
[restartedMain] ERROR com.eventcategory.services.main.EventManagementApplication  - Error Message....
[restartedMain] FATAL com.eventcategory.services.main.EventManagementApplication  - fatal Message....
[restartedMain] INFO  com.eventcategory.services.main.EventManagementApplication  - Info Message....
[restartedMain] WARN  com.eventcategory.services.main.EventManagementApplication  - Warn Message....
[restartedMain] ERROR com.eventcategory.services.main.EventManagementApplication  - Error Message....
[restartedMain] FATAL com.eventcategory.services.main.EventManagementApplication  - fatal Message....
[restartedMain] INFO  com.eventcategory.services.main.EventManagementApplication  - Info Message....
[restartedMain] WARN  com.eventcategory.services.main.EventManagementApplication  - Warn Message....
[restartedMain] ERROR com.eventcategory.services.main.EventManagementApplication  - Error Message....
[restartedMain] FATAL com.eventcategory.services.main.EventManagementApplication  - fatal Message....
[restartedMain] INFO  com.eventcategory.services.main.EventManagementApplication  - Info Message....
[restartedMain] WARN  com.eventcategory.services.main.EventManagementApplication  - Warn Message....
[restartedMain] ERROR com.eventcategory.services.main.EventManagementApplication  - Error Message....
[restartedMain] FATAL com.eventcategory.services.main.EventManagementApplication  - fatal Message....
[restartedMain] INFO  com.eventcategory.services.main.EventManagementApplication  - Info Message....
[restartedMain] WARN  com.eventcategory.services.main.EventManagementApplication  - Warn Message....
[restartedMain] ERROR com.eventcategory.services.main.EventManagementApplication  - Error Message....
[restartedMain] FATAL com.eventcategory.services.main.EventManagementApplication  - fatal Message....
[restartedMain] INFO  com.eventcategory.services.main.EventManagementApplication  - Info Message....
[restartedMain] WARN  com.eventcategory.services.main.EventManagementApplication  - Warn Message....
[restartedMain] ERROR com.eventcategory.services.main.EventManagementApplication  - Error Message....
[restartedMain] FATAL com.eventcategory.services.main.EventManagementApplication  - fatal Message....
[restartedMain] INFO  com.eventcategory.services.main.EventManagementApplication  - Info Message....
[restartedMain] WARN  com.eventcategory.services.main.EventManagementApplication  - Warn Message....
[restartedMain] ERROR com.eventcategory.services.main.EventManagementApplication  - Error Message....
[restartedMain] FATAL com.eventcategory.services.main.EventManagementApplication  - fatal Message....
[restartedMain] INFO  com.eventcategory.services.main.EventManagementApplication  - Info Message....
[restartedMain] WARN  com.eventcategory.services.main.EventManagementApplication  - Warn Message....
[restartedMain] ERROR com.eventcategory.services.main.EventManagementApplication  - Error Message....
[restartedMain] FATAL com.eventcategory.services.main.EventManagementApplication  - fatal Message....
[restartedMain] INFO  com.eventcategory.services.main.EventManagementApplication  - Info Message....
[restartedMain] WARN  com.eventcategory.services.main.EventManagementApplication  - Warn Message....
[restartedMain] ERROR com.eventcategory.services.main.EventManagementApplication  - Error Message....
[restartedMain] FATAL com.eventcategory.services.main.EventManagementApplication  - fatal Message....
[restartedMain] INFO  com.eventcategory.services.main.EventManagementApplication  - Info Message....
[restartedMain] WARN  com.eventcategory.services.main.EventManagementApplication  - Warn Message....
[restartedMain] ERROR com.eventcategory.services.main.EventManagementApplication  - Error Message....
[restartedMain] FATAL com.eventcategory.services.main.EventManagementApplication  - fatal Message....
[restartedMain] INFO  com.eventcategory.services.main.EventManagementApplication  - Info Message....
[restartedMain] WARN  com.eventcategory.services.main.EventManagementApplication  - Warn Message....
[restartedMain] ERROR com.eventcategory.services.main.EventManagementApplication  - Error Message....
[restartedMain] FATAL com.eventcategory.services.main.EventManagementApplication  - fatal Message....
[restartedMain] INFO  com.eventcategory.services.main.EventManagementApplication  - Info Message....
[restartedMain] WARN  com.eventcategory.services.main.EventManagementApplication  - Warn Message....
[restartedMain] ERROR com.eventcategory.services.main.EventManagementApplication  - Error Message....
[restartedMain] FATAL com.eventcategory.services.main.EventManagementApplication  - fatal Message....
[restartedMain] INFO  com.eventcategory.services.main.EventManagementApplication  - Info Message....
[restartedMain] WARN  com.eventcategory.services.main.EventManagementApplication  - Warn Message....
[restartedMain] ERROR com.eventcategory.services.main.EventManagementApplication  - Error Message....
[restartedMain] FATAL com.eventcategory.services.main.EventManagementApplication  - fatal Message....
[restartedMain] INFO  com.eventcategory.services.main.EventManagementApplication  - Info Message....
[restartedMain] WARN  com.eventcategory.services.main.EventManagementApplication  - Warn Message....
[restartedMain] ERROR com.eventcategory.services.main.EventManagementApplication  - Error Message....
[restartedMain] FATAL com.eventcategory.services.main.EventManagementApplication  - fatal Message....
[restartedMain] INFO  com.eventcategory.services.main.EventManagementApplication  - Info Message....
[restartedMain] WARN  com.eventcategory.services.main.EventManagementApplication  - Warn Message....
[restartedMain] ERROR com.eventcategory.services.main.EventManagementApplication  - Error Message....
[restartedMain] FATAL com.eventcategory.services.main.EventManagementApplication  - fatal Message....
[restartedMain] INFO  com.eventcategory.services.main.EventManagementApplication  - Info Message....
[restartedMain] WARN  com.eventcategory.services.main.EventManagementApplication  - Warn Message....
[restartedMain] ERROR com.eventcategory.services.main.EventManagementApplication  - Error Message....
[restartedMain] FATAL com.eventcategory.services.main.EventManagementApplication  - fatal Message....
[restartedMain] INFO  com.eventcategory.services.main.EventManagementApplication  - Info Message....
[restartedMain] WARN  com.eventcategory.services.main.EventManagementApplication  - Warn Message....
[restartedMain] ERROR com.eventcategory.services.main.EventManagementApplication  - Error Message....
[restartedMain] FATAL com.eventcategory.services.main.EventManagementApplication  - fatal Message....
[restartedMain] INFO  com.eventcategory.services.main.EventManagementApplication  - Info Message....
[restartedMain] WARN  com.eventcategory.services.main.EventManagementApplication  - Warn Message....
[restartedMain] ERROR com.eventcategory.services.main.EventManagementApplication  - Error Message....
[restartedMain] FATAL com.eventcategory.services.main.EventManagementApplication  - fatal Message....
[restartedMain] INFO  com.eventcategory.services.main.EventManagementApplication  - Info Message....
[restartedMain] WARN  com.eventcategory.services.main.EventManagementApplication  - Warn Message....
[restartedMain] ERROR com.eventcategory.services.main.EventManagementApplication  - Error Message....
[restartedMain] FATAL com.eventcategory.services.main.EventManagementApplication  - fatal Message....
[restartedMain] INFO  com.eventcategory.services.main.EventManagementApplication  - Info Message....
[restartedMain] WARN  com.eventcategory.services.main.EventManagementApplication  - Warn Message....
[restartedMain] ERROR com.eventcategory.services.main.EventManagementApplication  - Error Message....
[restartedMain] FATAL com.eventcategory.services.main.EventManagementApplication  - fatal Message....
[restartedMain] INFO  com.eventcategory.services.main.EventManagementApplication  - Info Message....
[restartedMain] WARN  com.eventcategory.services.main.EventManagementApplication  - Warn Message....
[restartedMain] ERROR com.eventcategory.services.main.EventManagementApplication  - Error Message....
[restartedMain] FATAL com.eventcategory.services.main.EventManagementApplication  - fatal Message....
[restartedMain] INFO  com.eventcategory.services.main.EventManagementApplication  - Info Message....
[restartedMain] WARN  com.eventcategory.services.main.EventManagementApplication  - Warn Message....
[restartedMain] ERROR com.eventcategory.services.main.EventManagementApplication  - Error Message....
[restartedMain] FATAL com.eventcategory.services.main.EventManagementApplication  - fatal Message....
[restartedMain] INFO  com.eventcategory.services.main.EventManagementApplication  - Info Message....
[restartedMain] WARN  com.eventcategory.services.main.EventManagementApplication  - Warn Message....
[restartedMain] ERROR com.eventcategory.services.main.EventManagementApplication  - Error Message....
[restartedMain] FATAL com.eventcategory.services.main.EventManagementApplication  - fatal Message....
[restartedMain] INFO  com.eventcategory.services.main.EventManagementApplication  - Info Message....
[restartedMain] WARN  com.eventcategory.services.main.EventManagementApplication  - Warn Message....
[restartedMain] ERROR com.eventcategory.services.main.EventManagementApplication  - Error Message....
[restartedMain] FATAL com.eventcategory.services.main.EventManagementApplication  - fatal Message....
[restartedMain] INFO  com.certificate.services.main.EventManagementApplication  - Info Message....
[restartedMain] WARN  com.certificate.services.main.EventManagementApplication  - Warn Message....
[restartedMain] ERROR com.certificate.services.main.EventManagementApplication  - Error Message....
[restartedMain] FATAL com.certificate.services.main.EventManagementApplication  - fatal Message....
[restartedMain] INFO  com.certificate.services.main.EventManagementApplication  - Info Message....
[restartedMain] WARN  com.certificate.services.main.EventManagementApplication  - Warn Message....
[restartedMain] ERROR com.certificate.services.main.EventManagementApplication  - Error Message....
[restartedMain] FATAL com.certificate.services.main.EventManagementApplication  - fatal Message....
[restartedMain] INFO  com.certificate.services.main.EventManagementApplication  - Info Message....
[restartedMain] WARN  com.certificate.services.main.EventManagementApplication  - Warn Message....
[restartedMain] ERROR com.certificate.services.main.EventManagementApplication  - Error Message....
[restartedMain] FATAL com.certificate.services.main.EventManagementApplication  - fatal Message....
[restartedMain] INFO  com.certificate.services.main.EventManagementApplication  - Info Message....
[restartedMain] WARN  com.certificate.services.main.EventManagementApplication  - Warn Message....
[restartedMain] ERROR com.certificate.services.main.EventManagementApplication  - Error Message....
[restartedMain] FATAL com.certificate.services.main.EventManagementApplication  - fatal Message....
[restartedMain] INFO  com.certificate.services.main.EventManagementApplication  - Info Message....
[restartedMain] WARN  com.certificate.services.main.EventManagementApplication  - Warn Message....
[restartedMain] ERROR com.certificate.services.main.EventManagementApplication  - Error Message....
[restartedMain] FATAL com.certificate.services.main.EventManagementApplication  - fatal Message....
[restartedMain] INFO  com.certificate.services.main.EventManagementApplication  - Info Message....
[restartedMain] WARN  com.certificate.services.main.EventManagementApplication  - Warn Message....
[restartedMain] ERROR com.certificate.services.main.EventManagementApplication  - Error Message....
[restartedMain] FATAL com.certificate.services.main.EventManagementApplication  - fatal Message....
[restartedMain] INFO  com.certificate.services.main.EventManagementApplication  - Info Message....
[restartedMain] WARN  com.certificate.services.main.EventManagementApplication  - Warn Message....
[restartedMain] ERROR com.certificate.services.main.EventManagementApplication  - Error Message....
[restartedMain] FATAL com.certificate.services.main.EventManagementApplication  - fatal Message....
[restartedMain] INFO  com.certificate.services.main.EventManagementApplication  - Info Message....
[restartedMain] WARN  com.certificate.services.main.EventManagementApplication  - Warn Message....
[restartedMain] ERROR com.certificate.services.main.EventManagementApplication  - Error Message....
[restartedMain] FATAL com.certificate.services.main.EventManagementApplication  - fatal Message....
[restartedMain] INFO  com.certificate.services.main.EventManagementApplication  - Info Message....
[restartedMain] WARN  com.certificate.services.main.EventManagementApplication  - Warn Message....
[restartedMain] ERROR com.certificate.services.main.EventManagementApplication  - Error Message....
[restartedMain] FATAL com.certificate.services.main.EventManagementApplication  - fatal Message....
[restartedMain] INFO  com.certificate.services.main.EventManagementApplication  - Info Message....
[restartedMain] WARN  com.certificate.services.main.EventManagementApplication  - Warn Message....
[restartedMain] ERROR com.certificate.services.main.EventManagementApplication  - Error Message....
[restartedMain] FATAL com.certificate.services.main.EventManagementApplication  - fatal Message....
[restartedMain] INFO  com.certificate.services.main.EventManagementApplication  - Info Message....
[restartedMain] WARN  com.certificate.services.main.EventManagementApplication  - Warn Message....
[restartedMain] ERROR com.certificate.services.main.EventManagementApplication  - Error Message....
[restartedMain] FATAL com.certificate.services.main.EventManagementApplication  - fatal Message....
[restartedMain] INFO  com.certificate.services.main.EventManagementApplication  - Info Message....
[restartedMain] WARN  com.certificate.services.main.EventManagementApplication  - Warn Message....
[restartedMain] ERROR com.certificate.services.main.EventManagementApplication  - Error Message....
[restartedMain] FATAL com.certificate.services.main.EventManagementApplication  - fatal Message....
[restartedMain] INFO  com.certificate.services.main.EventManagementApplication  - Info Message....
[restartedMain] WARN  com.certificate.services.main.EventManagementApplication  - Warn Message....
[restartedMain] ERROR com.certificate.services.main.EventManagementApplication  - Error Message....
[restartedMain] FATAL com.certificate.services.main.EventManagementApplication  - fatal Message....
[restartedMain] INFO  com.certificate.services.main.EventManagementApplication  - Info Message....
[restartedMain] WARN  com.certificate.services.main.EventManagementApplication  - Warn Message....
[restartedMain] ERROR com.certificate.services.main.EventManagementApplication  - Error Message....
[restartedMain] FATAL com.certificate.services.main.EventManagementApplication  - fatal Message....
[restartedMain] INFO  com.certificate.services.main.EventManagementApplication  - Info Message....
[restartedMain] WARN  com.certificate.services.main.EventManagementApplication  - Warn Message....
[restartedMain] ERROR com.certificate.services.main.EventManagementApplication  - Error Message....
[restartedMain] FATAL com.certificate.services.main.EventManagementApplication  - fatal Message....
[restartedMain] INFO  com.certificate.services.main.EventManagementApplication  - Info Message....
[restartedMain] WARN  com.certificate.services.main.EventManagementApplication  - Warn Message....
[restartedMain] ERROR com.certificate.services.main.EventManagementApplication  - Error Message....
[restartedMain] FATAL com.certificate.services.main.EventManagementApplication  - fatal Message....
[restartedMain] INFO  com.certificate.services.main.EventManagementApplication  - Info Message....
[restartedMain] WARN  com.certificate.services.main.EventManagementApplication  - Warn Message....
[restartedMain] ERROR com.certificate.services.main.EventManagementApplication  - Error Message....
[restartedMain] FATAL com.certificate.services.main.EventManagementApplication  - fatal Message....
[restartedMain] INFO  com.certificate.services.main.EventManagementApplication  - Info Message....
[restartedMain] WARN  com.certificate.services.main.EventManagementApplication  - Warn Message....
[restartedMain] ERROR com.certificate.services.main.EventManagementApplication  - Error Message....
[restartedMain] FATAL com.certificate.services.main.EventManagementApplication  - fatal Message....
[restartedMain] INFO  com.certificate.services.main.EventManagementApplication  - Info Message....
[restartedMain] WARN  com.certificate.services.main.EventManagementApplication  - Warn Message....
[restartedMain] ERROR com.certificate.services.main.EventManagementApplication  - Error Message....
[restartedMain] FATAL com.certificate.services.main.EventManagementApplication  - fatal Message....
[restartedMain] INFO  com.certificate.services.main.EventManagementApplication  - Info Message....
[restartedMain] WARN  com.certificate.services.main.EventManagementApplication  - Warn Message....
[restartedMain] ERROR com.certificate.services.main.EventManagementApplication  - Error Message....
[restartedMain] FATAL com.certificate.services.main.EventManagementApplication  - fatal Message....
[restartedMain] INFO  com.certificate.services.main.EventManagementApplication  - Info Message....
[restartedMain] WARN  com.certificate.services.main.EventManagementApplication  - Warn Message....
[restartedMain] ERROR com.certificate.services.main.EventManagementApplication  - Error Message....
[restartedMain] FATAL com.certificate.services.main.EventManagementApplication  - fatal Message....
[restartedMain] INFO  com.certificate.services.main.EventManagementApplication  - Info Message....
[restartedMain] WARN  com.certificate.services.main.EventManagementApplication  - Warn Message....
[restartedMain] ERROR com.certificate.services.main.EventManagementApplication  - Error Message....
[restartedMain] FATAL com.certificate.services.main.EventManagementApplication  - fatal Message....
[restartedMain] INFO  com.certificate.services.main.EventManagementApplication  - Info Message....
[restartedMain] WARN  com.certificate.services.main.EventManagementApplication  - Warn Message....
[restartedMain] ERROR com.certificate.services.main.EventManagementApplication  - Error Message....
[restartedMain] FATAL com.certificate.services.main.EventManagementApplication  - fatal Message....
[restartedMain] INFO  com.certificate.services.main.EventManagementApplication  - Info Message....
[restartedMain] WARN  com.certificate.services.main.EventManagementApplication  - Warn Message....
[restartedMain] ERROR com.certificate.services.main.EventManagementApplication  - Error Message....
[restartedMain] FATAL com.certificate.services.main.EventManagementApplication  - fatal Message....
[restartedMain] INFO  com.certificate.services.main.EventManagementApplication  - Info Message....
[restartedMain] WARN  com.certificate.services.main.EventManagementApplication  - Warn Message....
[restartedMain] ERROR com.certificate.services.main.EventManagementApplication  - Error Message....
[restartedMain] FATAL com.certificate.services.main.EventManagementApplication  - fatal Message....
[restartedMain] INFO  com.certificate.services.main.EventManagementApplication  - Info Message....
[restartedMain] WARN  com.certificate.services.main.EventManagementApplication  - Warn Message....
[restartedMain] ERROR com.certificate.services.main.EventManagementApplication  - Error Message....
[restartedMain] FATAL com.certificate.services.main.EventManagementApplication  - fatal Message....
[restartedMain] INFO  com.certificate.services.main.EventManagementApplication  - Info Message....
[restartedMain] WARN  com.certificate.services.main.EventManagementApplication  - Warn Message....
[restartedMain] ERROR com.certificate.services.main.EventManagementApplication  - Error Message....
[restartedMain] FATAL com.certificate.services.main.EventManagementApplication  - fatal Message....
[restartedMain] INFO  com.certificate.services.main.EventManagementApplication  - Info Message....
[restartedMain] WARN  com.certificate.services.main.EventManagementApplication  - Warn Message....
[restartedMain] ERROR com.certificate.services.main.EventManagementApplication  - Error Message....
[restartedMain] FATAL com.certificate.services.main.EventManagementApplication  - fatal Message....
[restartedMain] INFO  com.certificate.services.main.EventManagementApplication  - Info Message....
[restartedMain] WARN  com.certificate.services.main.EventManagementApplication  - Warn Message....
[restartedMain] ERROR com.certificate.services.main.EventManagementApplication  - Error Message....
[restartedMain] FATAL com.certificate.services.main.EventManagementApplication  - fatal Message....
[restartedMain] INFO  com.certificate.services.main.EventManagementApplication  - Info Message....
[restartedMain] WARN  com.certificate.services.main.EventManagementApplication  - Warn Message....
[restartedMain] ERROR com.certificate.services.main.EventManagementApplication  - Error Message....
[restartedMain] FATAL com.certificate.services.main.EventManagementApplication  - fatal Message....
[restartedMain] INFO  com.certificate.services.main.EventManagementApplication  - Info Message....
[restartedMain] WARN  com.certificate.services.main.EventManagementApplication  - Warn Message....
[restartedMain] ERROR com.certificate.services.main.EventManagementApplication  - Error Message....
[restartedMain] FATAL com.certificate.services.main.EventManagementApplication  - fatal Message....
[restartedMain] INFO  com.certificate.services.main.EventManagementApplication  - Info Message....
[restartedMain] WARN  com.certificate.services.main.EventManagementApplication  - Warn Message....
[restartedMain] ERROR com.certificate.services.main.EventManagementApplication  - Error Message....
[restartedMain] FATAL com.certificate.services.main.EventManagementApplication  - fatal Message....
[restartedMain] INFO  com.certificate.services.main.EventManagementApplication  - Info Message....
[restartedMain] WARN  com.certificate.services.main.EventManagementApplication  - Warn Message....
[restartedMain] ERROR com.certificate.services.main.EventManagementApplication  - Error Message....
[restartedMain] FATAL com.certificate.services.main.EventManagementApplication  - fatal Message....
[restartedMain] INFO  com.certificate.services.main.EventManagementApplication  - Info Message....
[restartedMain] WARN  com.certificate.services.main.EventManagementApplication  - Warn Message....
[restartedMain] ERROR com.certificate.services.main.EventManagementApplication  - Error Message....
[restartedMain] FATAL com.certificate.services.main.EventManagementApplication  - fatal Message....
[restartedMain] INFO  com.certificate.services.main.EventManagementApplication  - Info Message....
[restartedMain] WARN  com.certificate.services.main.EventManagementApplication  - Warn Message....
[restartedMain] ERROR com.certificate.services.main.EventManagementApplication  - Error Message....
[restartedMain] FATAL com.certificate.services.main.EventManagementApplication  - fatal Message....
[restartedMain] INFO  com.certificate.services.main.EventManagementApplication  - Info Message....
[restartedMain] WARN  com.certificate.services.main.EventManagementApplication  - Warn Message....
[restartedMain] ERROR com.certificate.services.main.EventManagementApplication  - Error Message....
[restartedMain] FATAL com.certificate.services.main.EventManagementApplication  - fatal Message....
[restartedMain] INFO  com.certificate.services.main.EventManagementApplication  - Info Message....
[restartedMain] WARN  com.certificate.services.main.EventManagementApplication  - Warn Message....
[restartedMain] ERROR com.certificate.services.main.EventManagementApplication  - Error Message....
[restartedMain] FATAL com.certificate.services.main.EventManagementApplication  - fatal Message....
[restartedMain] INFO  com.certificate.services.main.EventManagementApplication  - Info Message....
[restartedMain] WARN  com.certificate.services.main.EventManagementApplication  - Warn Message....
[restartedMain] ERROR com.certificate.services.main.EventManagementApplication  - Error Message....
[restartedMain] FATAL com.certificate.services.main.EventManagementApplication  - fatal Message....
[restartedMain] INFO  com.certificate.services.main.EventManagementApplication  - Info Message....
[restartedMain] WARN  com.certificate.services.main.EventManagementApplication  - Warn Message....
[restartedMain] ERROR com.certificate.services.main.EventManagementApplication  - Error Message....
[restartedMain] FATAL com.certificate.services.main.EventManagementApplication  - fatal Message....
[restartedMain] INFO  com.certificate.services.main.EventManagementApplication  - Info Message....
[restartedMain] WARN  com.certificate.services.main.EventManagementApplication  - Warn Message....
[restartedMain] ERROR com.certificate.services.main.EventManagementApplication  - Error Message....
[restartedMain] FATAL com.certificate.services.main.EventManagementApplication  - fatal Message....
[restartedMain] INFO  com.certificate.services.main.EventManagementApplication  - Info Message....
[restartedMain] WARN  com.certificate.services.main.EventManagementApplication  - Warn Message....
[restartedMain] ERROR com.certificate.services.main.EventManagementApplication  - Error Message....
[restartedMain] FATAL com.certificate.services.main.EventManagementApplication  - fatal Message....
[restartedMain] INFO  com.certificate.services.main.EventManagementApplication  - Info Message....
[restartedMain] WARN  com.certificate.services.main.EventManagementApplication  - Warn Message....
[restartedMain] ERROR com.certificate.services.main.EventManagementApplication  - Error Message....
[restartedMain] FATAL com.certificate.services.main.EventManagementApplication  - fatal Message....
[restartedMain] INFO  com.certificate.services.main.EventManagementApplication  - Info Message....
[restartedMain] WARN  com.certificate.services.main.EventManagementApplication  - Warn Message....
[restartedMain] ERROR com.certificate.services.main.EventManagementApplication  - Error Message....
[restartedMain] FATAL com.certificate.services.main.EventManagementApplication  - fatal Message....
[restartedMain] INFO  com.certificate.services.main.EventManagementApplication  - Info Message....
[restartedMain] WARN  com.certificate.services.main.EventManagementApplication  - Warn Message....
[restartedMain] ERROR com.certificate.services.main.EventManagementApplication  - Error Message....
[restartedMain] FATAL com.certificate.services.main.EventManagementApplication  - fatal Message....
[restartedMain] INFO  com.certificate.services.main.EventManagementApplication  - Info Message....
[restartedMain] WARN  com.certificate.services.main.EventManagementApplication  - Warn Message....
[restartedMain] ERROR com.certificate.services.main.EventManagementApplication  - Error Message....
[restartedMain] FATAL com.certificate.services.main.EventManagementApplication  - fatal Message....
[restartedMain] INFO  com.certificate.services.main.EventManagementApplication  - Info Message....
[restartedMain] WARN  com.certificate.services.main.EventManagementApplication  - Warn Message....
[restartedMain] ERROR com.certificate.services.main.EventManagementApplication  - Error Message....
[restartedMain] FATAL com.certificate.services.main.EventManagementApplication  - fatal Message....
[restartedMain] INFO  com.certificate.services.main.EventManagementApplication  - Info Message....
[restartedMain] WARN  com.certificate.services.main.EventManagementApplication  - Warn Message....
[restartedMain] ERROR com.certificate.services.main.EventManagementApplication  - Error Message....
[restartedMain] FATAL com.certificate.services.main.EventManagementApplication  - fatal Message....
[restartedMain] INFO  com.certificate.services.main.EventManagementApplication  - Info Message....
[restartedMain] WARN  com.certificate.services.main.EventManagementApplication  - Warn Message....
[restartedMain] ERROR com.certificate.services.main.EventManagementApplication  - Error Message....
[restartedMain] FATAL com.certificate.services.main.EventManagementApplication  - fatal Message....
[restartedMain] INFO  com.certificate.services.main.EventManagementApplication  - Info Message....
[restartedMain] WARN  com.certificate.services.main.EventManagementApplication  - Warn Message....
[restartedMain] ERROR com.certificate.services.main.EventManagementApplication  - Error Message....
[restartedMain] FATAL com.certificate.services.main.EventManagementApplication  - fatal Message....
[restartedMain] INFO  com.certificate.services.main.EventManagementApplication  - Info Message....
[restartedMain] WARN  com.certificate.services.main.EventManagementApplication  - Warn Message....
[restartedMain] ERROR com.certificate.services.main.EventManagementApplication  - Error Message....
[restartedMain] FATAL com.certificate.services.main.EventManagementApplication  - fatal Message....
[restartedMain] INFO  com.certificate.services.main.EventManagementApplication  - Info Message....
[restartedMain] WARN  com.certificate.services.main.EventManagementApplication  - Warn Message....
[restartedMain] ERROR com.certificate.services.main.EventManagementApplication  - Error Message....
[restartedMain] FATAL com.certificate.services.main.EventManagementApplication  - fatal Message....
[restartedMain] INFO  com.certificate.services.main.EventManagementApplication  - Info Message....
[restartedMain] WARN  com.certificate.services.main.EventManagementApplication  - Warn Message....
[restartedMain] ERROR com.certificate.services.main.EventManagementApplication  - Error Message....
[restartedMain] FATAL com.certificate.services.main.EventManagementApplication  - fatal Message....
[restartedMain] INFO  com.certificate.services.main.EventManagementApplication  - Info Message....
[restartedMain] WARN  com.certificate.services.main.EventManagementApplication  - Warn Message....
[restartedMain] ERROR com.certificate.services.main.EventManagementApplication  - Error Message....
[restartedMain] FATAL com.certificate.services.main.EventManagementApplication  - fatal Message....
[restartedMain] INFO  com.certificate.services.main.EventManagementApplication  - Info Message....
[restartedMain] WARN  com.certificate.services.main.EventManagementApplication  - Warn Message....
[restartedMain] ERROR com.certificate.services.main.EventManagementApplication  - Error Message....
[restartedMain] FATAL com.certificate.services.main.EventManagementApplication  - fatal Message....
[restartedMain] INFO  com.certificate.services.main.EventManagementApplication  - Info Message....
[restartedMain] WARN  com.certificate.services.main.EventManagementApplication  - Warn Message....
[restartedMain] ERROR com.certificate.services.main.EventManagementApplication  - Error Message....
[restartedMain] FATAL com.certificate.services.main.EventManagementApplication  - fatal Message....
[restartedMain] INFO  com.certificate.services.main.EventManagementApplication  - Info Message....
[restartedMain] WARN  com.certificate.services.main.EventManagementApplication  - Warn Message....
[restartedMain] ERROR com.certificate.services.main.EventManagementApplication  - Error Message....
[restartedMain] FATAL com.certificate.services.main.EventManagementApplication  - fatal Message....
[restartedMain] INFO  com.certificate.services.main.EventManagementApplication  - Info Message....
[restartedMain] WARN  com.certificate.services.main.EventManagementApplication  - Warn Message....
[restartedMain] ERROR com.certificate.services.main.EventManagementApplication  - Error Message....
[restartedMain] FATAL com.certificate.services.main.EventManagementApplication  - fatal Message....
[restartedMain] INFO  com.certificate.services.main.EventManagementApplication  - Info Message....
[restartedMain] WARN  com.certificate.services.main.EventManagementApplication  - Warn Message....
[restartedMain] ERROR com.certificate.services.main.EventManagementApplication  - Error Message....
[restartedMain] FATAL com.certificate.services.main.EventManagementApplication  - fatal Message....
[restartedMain] INFO  com.certificate.services.main.EventManagementApplication  - Info Message....
[restartedMain] WARN  com.certificate.services.main.EventManagementApplication  - Warn Message....
[restartedMain] ERROR com.certificate.services.main.EventManagementApplication  - Error Message....
[restartedMain] FATAL com.certificate.services.main.EventManagementApplication  - fatal Message....
[restartedMain] INFO  com.certificate.services.main.EventManagementApplication  - Info Message....
[restartedMain] WARN  com.certificate.services.main.EventManagementApplication  - Warn Message....
[restartedMain] ERROR com.certificate.services.main.EventManagementApplication  - Error Message....
[restartedMain] FATAL com.certificate.services.main.EventManagementApplication  - fatal Message....
